[debug] [2023-05-31T21:14:47.300Z] ----------------------------------------------------------------------
[debug] [2023-05-31T21:14:47.303Z] Command:       C:\Program Files\nodejs\node.exe C:\Program Files\nodejs\node_modules\firebase-tools\lib\bin\firebase.js init
[debug] [2023-05-31T21:14:47.303Z] CLI Version:   12.2.1
[debug] [2023-05-31T21:14:47.303Z] Platform:      win32
[debug] [2023-05-31T21:14:47.304Z] Node Version:  v16.13.2
[debug] [2023-05-31T21:14:47.305Z] Time:          Thu Jun 01 2023 04:14:47 GMT+0700 (Indochina Time)
[debug] [2023-05-31T21:14:47.305Z] ----------------------------------------------------------------------
[debug] 
[debug] [2023-05-31T21:14:47.312Z] > command requires scopes: ["email","openid","https://www.googleapis.com/auth/cloudplatformprojects.readonly","https://www.googleapis.com/auth/firebase","https://www.googleapis.com/auth/cloud-platform"]
[debug] [2023-05-31T21:14:47.313Z] > authorizing via signed-in user (pydevking100@gmail.com)
[info] 
     ######## #### ########  ######## ########     ###     ######  ########
     ##        ##  ##     ## ##       ##     ##  ##   ##  ##       ##
     ######    ##  ########  ######   ########  #########  ######  ######
     ##        ##  ##    ##  ##       ##     ## ##     ##       ## ##
     ##       #### ##     ## ######## ########  ##     ##  ######  ########

You're about to initialize a Firebase project in this directory:

  D:\react\RIck Sanchz\chat-app-react-tailwind

[info] 
=== Project Setup
[info] 
[info] First, let's associate this project directory with a Firebase project.
[info] You can create multiple project aliases by running firebase use --add, 
[info] but for now we'll just set up a default project.
[info] 
[info] i  If you want to create a project in a Google Cloud organization or folder, please use "firebase projects:create" instead, and return to this command when you've created the project. 
[debug] [2023-05-31T21:16:40.312Z] >>> [apiv2][query] POST https://cloudresourcemanager.googleapis.com/v1/projects [none]
[debug] [2023-05-31T21:16:40.313Z] >>> [apiv2][body] POST https://cloudresourcemanager.googleapis.com/v1/projects {"projectId":"Rick Sanchez","name":"Rick Sanchez"}
[debug] [2023-05-31T21:16:41.534Z] <<< [apiv2][status] POST https://cloudresourcemanager.googleapis.com/v1/projects 400
[debug] [2023-05-31T21:16:41.534Z] <<< [apiv2][body] POST https://cloudresourcemanager.googleapis.com/v1/projects {"error":{"code":400,"message":"field [project_id] has issue [project_id contains invalid characters]","status":"INVALID_ARGUMENT","details":[{"@type":"type.googleapis.com/google.rpc.BadRequest","fieldViolations":[{"field":"project_id","description":"project_id contains invalid characters"}]},{"@type":"type.googleapis.com/google.rpc.Help","links":[{"url":"https://cloud.google.com/resource-manager/reference/rest/v1/projects"}]}]}}
[debug] [2023-05-31T21:16:42.000Z] FirebaseError: HTTP Error: 400, field [project_id] has issue [project_id contains invalid characters]
    at responseToError (C:\Users\Administrator\AppData\Roaming\nvm\v16.13.2\node_modules\firebase-tools\lib\responseToError.js:49:12)
    at RetryOperation._fn (C:\Users\Administrator\AppData\Roaming\nvm\v16.13.2\node_modules\firebase-tools\lib\apiv2.js:288:77)
    at processTicksAndRejections (node:internal/process/task_queues:96:5)
[error] 
[error] Error: Failed to create project. See firebase-debug.log for more info.
